23:44:01 **** Incremental Build of configuration Nios II for project sobel ****
make all 
Info: Building C:/Users/olivi/master/embHard/mse_embHard_phase2/mse_demo/software/sobel_bsp/
C:/intelFPGA_lite/18.1/nios2eds/bin/gnu/H-x86_64-mingw32/bin/make --no-print-directory -C C:/Users/olivi/master/embHard/mse_embHard_phase2/mse_demo/software/sobel_bsp/
[BSP build complete]
Info: Linking sobel.elf
nios2-elf-g++  -T'C:/Users/olivi/master/embHard/mse_embHard_phase2/mse_demo/software/sobel_bsp//linker.x' -msys-crt0='C:/Users/olivi/master/embHard/mse_embHard_phase2/mse_demo/software/sobel_bsp//obj/HAL/src/crt0.o' -msys-lib=hal_bsp -LC:/Users/olivi/master/embHard/mse_embHard_phase2/mse_demo/software/sobel_bsp/   -Wl,-Map=sobel.map   -O0 -g -Wall -O0  -mno-hw-div -mhw-mul -mno-hw-mulx -mgpopt=global  -o sobel.elf obj/default/camera.o obj/default/dipswitch.o obj/default/grayscale.o obj/default/i2c.o obj/default/lcd_simple.o obj/default/main.o obj/default/sobel.o obj/default/vga.o -lm -msys-lib=m
obj/default/main.o: In function `main':
C:\Users\olivi\master\embHard\mse_embHard_phase2\mse_demo\software\sobel/main.c:131: undefined reference to `sobel_complete_V2'
collect2.exe: error: ld returned 1 exit status
make: *** [sobel.elf] Error 1

23:44:02 Build Finished (took 966ms)

